<?xml version="1.0" encoding="UTF-8"?>
<testng-results ignored="7" total="11" passed="4" failed="0" skipped="0">
  <reporter-output>
  </reporter-output>
  <suite started-at="2021-02-03T03:01:36Z" name="Loan" finished-at="2021-02-03T03:01:36Z" duration-ms="33">
    <groups>
      <group name="uitest">
        <method signature="GoldLoanTest.aviMobileLogin()[pri:0, instance:Bank.TDbank.GoldLoanTest@ffaa6af]" name="aviMobileLogin" class="Bank.TDbank.GoldLoanTest"/>
      </group> <!-- uitest -->
      <group name="smoketest">
        <method signature="GoldLoanTest.aviMobileLogin()[pri:0, instance:Bank.TDbank.GoldLoanTest@ffaa6af]" name="aviMobileLogin" class="Bank.TDbank.GoldLoanTest"/>
        <method signature="GoldLoanTest.mobileAviLogin2()[pri:0, instance:Bank.TDbank.GoldLoanTest@ffaa6af]" name="mobileAviLogin2" class="Bank.TDbank.GoldLoanTest"/>
        <method signature="GoldLoanTest.mobileAviLogin4()[pri:0, instance:Bank.TDbank.GoldLoanTest@ffaa6af]" name="mobileAviLogin4" class="Bank.TDbank.GoldLoanTest"/>
        <method signature="GoldLoanTest.webLogin()[pri:0, instance:Bank.TDbank.GoldLoanTest@ffaa6af]" name="webLogin" class="Bank.TDbank.GoldLoanTest"/>
      </group> <!-- smoketest -->
    </groups>
    <test started-at="2021-02-03T03:01:36Z" name="PersonalLoan" finished-at="2021-02-03T03:01:36Z" duration-ms="33">
      <class name="Bank.TDbank.GoldLoanTest">
        <test-method is-config="true" signature="beforeGroup()[pri:0, instance:Bank.TDbank.GoldLoanTest@ffaa6af]" started-at="2021-02-03T03:01:36Z" name="beforeGroup" finished-at="2021-02-03T03:01:36Z" duration-ms="4" status="PASS">
          <reporter-output>
          </reporter-output>
        </test-method> <!-- beforeGroup -->
        <test-method signature="aviMobileLogin()[pri:0, instance:Bank.TDbank.GoldLoanTest@ffaa6af]" started-at="2021-02-03T03:01:36Z" name="aviMobileLogin" finished-at="2021-02-03T03:01:36Z" duration-ms="0" status="PASS">
          <reporter-output>
          </reporter-output>
        </test-method> <!-- aviMobileLogin -->
        <test-method signature="mobileAviLogin2()[pri:0, instance:Bank.TDbank.GoldLoanTest@ffaa6af]" started-at="2021-02-03T03:01:36Z" name="mobileAviLogin2" finished-at="2021-02-03T03:01:36Z" duration-ms="1" status="PASS">
          <reporter-output>
          </reporter-output>
        </test-method> <!-- mobileAviLogin2 -->
        <test-method signature="mobileAviLogin4()[pri:0, instance:Bank.TDbank.GoldLoanTest@ffaa6af]" started-at="2021-02-03T03:01:36Z" name="mobileAviLogin4" finished-at="2021-02-03T03:01:36Z" duration-ms="0" status="PASS">
          <reporter-output>
          </reporter-output>
        </test-method> <!-- mobileAviLogin4 -->
        <test-method signature="webLogin()[pri:0, instance:Bank.TDbank.GoldLoanTest@ffaa6af]" started-at="2021-02-03T03:01:36Z" name="webLogin" finished-at="2021-02-03T03:01:36Z" duration-ms="0" status="PASS">
          <reporter-output>
          </reporter-output>
        </test-method> <!-- webLogin -->
      </class> <!-- Bank.TDbank.GoldLoanTest -->
    </test> <!-- PersonalLoan -->
  </suite> <!-- Loan -->
</testng-results>
