<?xml version="1.0" encoding="UTF-8"?>
<!-- Generated by org.testng.reporters.JUnitXMLReporter -->
<testsuite ignored="7" hostname="LAPTOP-LP9QG413" failures="0" tests="4" name="PersonalLoan" time="0.033" errors="0" timestamp="03 Feb 2021 03:01:36 GMT">
  <testcase classname="Bank.TDbank.GoldLoanTest" name="aviMobileLogin" time="0.0"/>
  <testcase classname="Bank.TDbank.GoldLoanTest" name="mobileAviLogin2" time="0.001"/>
  <testcase classname="Bank.TDbank.GoldLoanTest" name="mobileAviLogin4" time="0.0"/>
  <testcase classname="Bank.TDbank.GoldLoanTest" name="webLogin" time="0.0"/>
  <testcase classname="Bank.TDbank.GoldLoanTest" name="mobile2LoginKvi" time="0.0">
    <ignored/>
  </testcase> <!-- mobile2LoginKvi -->
  <testcase classname="Bank.TDbank.GoldLoanTest" name="Avi" time="0.0">
    <ignored/>
  </testcase> <!-- Avi -->
  <testcase classname="Bank.TDbank.GoldLoanTest" name="apiLogin" time="0.0">
    <ignored/>
  </testcase> <!-- apiLogin -->
  <testcase classname="Bank.TDbank.GoldLoanTest" name="mobileLogin" time="0.0">
    <ignored/>
  </testcase> <!-- mobileLogin -->
  <testcase classname="Bank.TDbank.GoldLoanTest" name="mobileAviLogin3" time="0.0">
    <ignored/>
  </testcase> <!-- mobileAviLogin3 -->
  <testcase classname="Bank.TDbank.GoldLoanTest" name="mobileAviLogin1" time="0.0">
    <ignored/>
  </testcase> <!-- mobileAviLogin1 -->
  <testcase classname="Bank.TDbank.GoldLoanTest" name="mobile1LoginAvi" time="0.0">
    <ignored/>
  </testcase> <!-- mobile1LoginAvi -->
</testsuite> <!-- PersonalLoan -->
