<?xml version="1.0" encoding="UTF-8"?>
<!-- Generated by org.testng.reporters.JUnitXMLReporter -->
<testsuite ignored="0" hostname="LAPTOP-LP9QG413" failures="0" tests="3" name="Regression" time="0.001" errors="0" timestamp="03 Feb 2021 02:48:45 GMT">
  <testcase classname="Bank.TDbank.HomeLoanTest" name="apiLogin" time="0.0"/>
  <testcase classname="Bank.TDbank.HomeLoanTest" name="mobileLogin" time="0.001"/>
  <testcase classname="Bank.TDbank.HomeLoanTest" name="webLogin" time="0.0"/>
</testsuite> <!-- Regression -->
