<?xml version="1.0" encoding="UTF-8"?>
<!-- Generated by org.testng.reporters.JUnitXMLReporter -->
<testsuite ignored="1" hostname="LAPTOP-LP9QG413" failures="0" tests="2" name="Smoke" time="0.003" errors="0" timestamp="03 Feb 2021 02:48:45 GMT">
  <testcase classname="Bank.TDbank.CommercialLoanTest" name="apiLogin" time="0.0"/>
  <testcase classname="Bank.TDbank.CommercialLoanTest" name="webLogin" time="0.0"/>
  <testcase classname="Bank.TDbank.CommercialLoanTest" name="mobileLogin" time="0.0">
    <ignored/>
  </testcase> <!-- mobileLogin -->
</testsuite> <!-- Smoke -->
